<?xml version="1.0" encoding="UTF-8"?>
<!-- Generated by org.testng.reporters.JUnitReportReporter -->
<testsuite hostname="SL1-L0016" failures="0" tests="2" name="myTests.HomePageTest" time="0.327" errors="0" timestamp="2021-10-24T13:00:36 IST" skipped="0">
  <testcase classname="myTests.HomePageTest" name="contactFooterTest" time="0.211"/>
  <system-out/>
  <testcase classname="myTests.HomePageTest" name="headerTest" time="0.116"/>
  <system-out/>
</testsuite> <!-- myTests.HomePageTest -->
